<component name="libraryTable">
  <library name="junit-4.13.2">
    <CLASSES>
      <root url="jar://C:/Program Files/NetBeans-19/netbeans/platform/modules/ext/junit-4.13.2.jar!/" />
      <root url="jar://E:/Bluetooth/mysql-connector-j-9.1.0/mysql-connector-j-9.1.0/mysql-connector-j-9.1.0.jar!/" />
    </CLASSES>
    <JAVADOC />
    <SOURCES />
  </library>
</component>